<?xml version="1.0" encoding="UTF-8"?>
<testng-results skipped="0" failed="0" ignored="0" total="1" passed="1">
  <reporter-output>
  </reporter-output>
  <suite name="PracticeAutomation" duration-ms="13911" started-at="2021-01-29T21:49:03 CST" finished-at="2021-01-29T21:49:17 CST">
    <groups>
    </groups>
    <test name="Test" duration-ms="13911" started-at="2021-01-29T21:49:03 CST" finished-at="2021-01-29T21:49:17 CST">
      <class name="com.testpractice.testcases.UploadFile">
        <test-method status="PASS" signature="Setup()[pri:0, instance:com.testpractice.testcases.UploadFile@2353b3e6]" name="Setup" is-config="true" duration-ms="8485" started-at="2021-01-29T21:49:03 CST" finished-at="2021-01-29T21:49:12 CST">
          <reporter-output>
          </reporter-output>
        </test-method> <!-- Setup -->
        <test-method status="PASS" signature="testUploads()[pri:0, instance:com.testpractice.testcases.UploadFile@2353b3e6]" name="testUploads" duration-ms="4400" started-at="2021-01-29T21:49:12 CST" finished-at="2021-01-29T21:49:16 CST">
          <reporter-output>
          </reporter-output>
        </test-method> <!-- testUploads -->
        <test-method status="PASS" signature="TearDown()[pri:0, instance:com.testpractice.testcases.UploadFile@2353b3e6]" name="TearDown" is-config="true" duration-ms="763" started-at="2021-01-29T21:49:16 CST" finished-at="2021-01-29T21:49:17 CST">
          <reporter-output>
          </reporter-output>
        </test-method> <!-- TearDown -->
      </class> <!-- com.testpractice.testcases.UploadFile -->
    </test> <!-- Test -->
  </suite> <!-- PracticeAutomation -->
</testng-results>
